Build started 7/9/2024 8:24:37 PM.
Logging verbosity is set to: Normal.     1>Project "F:\makar\Source\Repos\SVD2213-2407-MAKarlowicz\DSA Labs\DSA Labs\DSA Labs.vcxproj" on node 2 (Build target(s)).
     1>PrepareForBuild:
         Structured output is enabled. The formatting of compiler diagnostics will reflect the error hierarchy. See https://aka.ms/cpp/structured-output for more details.
       InitializeBuildStatus:
         Creating "x64\Debug\DSA Labs.tlog\unsuccessfulbuild" because "AlwaysCreate" was specified.
         Touching "x64\Debug\DSA Labs.tlog\unsuccessfulbuild".
       ClCompile:
         C:\Program Files\Microsoft Visual Studio\2022\Community\VC\Tools\MSVC\14.39.33519\bin\HostX64\x64\CL.exe /c /I..\TestFiles\ /ZI /JMC /nologo /W3 /WX- /diagnostics:column /sdl /Od /D _DEBUG /D _CONSOLE /D _UNICODE /D UNICODE /Gm- /EHsc /RTC1 /MDd /GS /fp:precise /Zc:wchar_t /Zc:forScope /Zc:inline /std:c++20 /permissive- /Fo"x64\Debug\\" /Fd"x64\Debug\vc143.pdb" /external:W3 /Gd /TP /FC /errorReport:prompt TestFiles\TestHarness.cpp TestFiles\UnitTests_Lab1.cpp
         TestHarness.cpp
         UnitTests_Lab1.cpp
         Generating Code...
       Link:
         C:\Program Files\Microsoft Visual Studio\2022\Community\VC\Tools\MSVC\14.39.33519\bin\HostX64\x64\link.exe /ERRORREPORT:PROMPT /OUT:"F:\makar\Source\Repos\SVD2213-2407-MAKarlowicz\DSA Labs\x64\Debug\DSA Labs.exe" /INCREMENTAL /ILK:"x64\Debug\DSA Labs.ilk" /NOLOGO /LIBPATH:TestFiles kernel32.lib user32.lib gdi32.lib winspool.lib comdlg32.lib advapi32.lib shell32.lib ole32.lib oleaut32.lib uuid.lib odbc32.lib odbccp32.lib /MANIFEST /MANIFESTUAC:"level='asInvoker' uiAccess='false'" /manifest:embed /DEBUG /PDB:"F:\makar\Source\Repos\SVD2213-2407-MAKarlowicz\DSA Labs\x64\Debug\DSA Labs.pdb" /SUBSYSTEM:CONSOLE /TLBID:1 /DYNAMICBASE /NXCOMPAT /IMPLIB:"F:\makar\Source\Repos\SVD2213-2407-MAKarlowicz\DSA Labs\x64\Debug\DSA Labs.lib" /MACHINE:X64 x64\Debug\BitStream.obj
         x64\Debug\Console.obj
         x64\Debug\DSA_Main.obj
         x64\Debug\Memory_Management.obj
         x64\Debug\TestHarness.obj
         x64\Debug\UnitTestHelper.obj
         x64\Debug\UnitTests_Lab1.obj
         x64\Debug\UnitTests_Lab2.obj
         x64\Debug\UnitTests_Lab3.obj
         x64\Debug\UnitTests_Lab4.obj
         x64\Debug\UnitTests_Lab5.obj
         x64\Debug\UnitTests_Lab6.obj
         x64\Debug\UnitTests_Lab7.obj
         x64\Debug\UnitTests_Lab8.obj
         DSA Labs.vcxproj -> F:\makar\Source\Repos\SVD2213-2407-MAKarlowicz\DSA Labs\x64\Debug\DSA Labs.exe
       FinalizeBuildStatus:
         Deleting file "x64\Debug\DSA Labs.tlog\unsuccessfulbuild".
         Touching "x64\Debug\DSA Labs.tlog\DSA Labs.lastbuildstate".
     1>Done Building Project "F:\makar\Source\Repos\SVD2213-2407-MAKarlowicz\DSA Labs\DSA Labs\DSA Labs.vcxproj" (Build target(s)).

Build succeeded.
    0 Warning(s)
    0 Error(s)

Time Elapsed 00:00:12.54
